node : file:///C:/Users/Adm
in/Downloads/final-project-
dev-jo/final-project-dev-jo
/backend/src/routes/contact
Requests.js:4
At line:1 char:1
+ node src/index.js 2>&1 | 
Out-File -FilePath 
error.log -Encoding utf8
+ ~~~~~~~~~~~~~~~~~~~~~~
    + CategoryInfo         
     : NotSpecified: (fil  
  e:///C:/User...ctReque   
 sts.js:4:String) [], R    
emoteException
    + FullyQualifiedErrorI 
   d : NativeCommandError
 
  approveContactRequest, 
  ^^^^^^^^^^^^^^^^^^^^^
SyntaxError: The requested 
module '../controllers/farm
erDiscoveryController.js' 
does not provide an export 
named 
'approveContactRequest'
    at 
ModuleJob._instantiate (nod
e:internal/modules/esm/modu
le_job:213:21)
    at async ModuleJob.run 
(node:internal/modules/esm/
module_job:320:5)
    at async 
ModuleLoader.import (node:i
nternal/modules/esm/loader:
606:24)
    at async asyncRunEntryP
ointWithESMLoader (node:int
ernal/modules/run_main:117:
5)

Node.js v20.19.6
